#
# A fatal error has been detected by the Java Runtime Environment:
#
#  EXCEPTION_ACCESS_VIOLATION (0xc0000005) at pc=0x00007ff825b82a8f, pid=12932, tid=2212
#
# JRE version: OpenJDK Runtime Environment Temurin-11.0.12+7 (11.0.12+7) (build 11.0.12+7)
# Java VM: OpenJDK 64-Bit Server VM Temurin-11.0.12+7 (11.0.12+7, mixed mode, tiered, compressed oops, parallel gc, windows-amd64)
# Problematic frame:
# V  [jvm.dll+0x372a8f]
#
# No core dump will be written. Minidumps are not enabled by default on client versions of Windows
#
# If you would like to submit a bug report, please visit:
#   https://github.com/adoptium/adoptium-support/issues
#

---------------  S U M M A R Y ------------

Command Line: --add-modules=ALL-SYSTEM --add-opens=java.base/java.util=ALL-UNNAMED --add-opens=java.base/java.lang=ALL-UNNAMED -Declipse.application=org.eclipse.jdt.ls.core.id1 -Dosgi.bundles.defaultStartLevel=4 -Declipse.product=org.eclipse.jdt.ls.core.product -Dfile.encoding=utf8 -DwatchParentProcess=false -XX:+UseParallelGC -XX:GCTimeRatio=4 -XX:AdaptiveSizePolicyWeight=90 -Dsun.zip.disableMemoryMapping=true -Xmx1G -Xms100m -javaagent:c:\Users\smunizdeoliv\.vscode\extensions\gabrielbb.vscode-lombok-1.0.1\server\lombok.jar -Xverify:none c:\Users\smunizdeoliv\.vscode\extensions\redhat.java-0.82.0\server\plugins\org.eclipse.equinox.launcher_1.6.300.v20210813-1054.jar -configuration c:\Users\smunizdeoliv\AppData\Roaming\Code\User\globalStorage\redhat.java\0.82.0\config_ss_win -data c:\Users\smunizdeoliv\AppData\Roaming\Code\User\workspaceStorage\55e6e69b626b6ec10a30d3b5ce62d080\redhat.java\ss_ws

Host: AMD Ryzen 5 PRO 3500U w/ Radeon Vega Mobile Gfx, 8 cores, 13G,  Windows 10 , 64 bit Build 19041 (10.0.19041.1202)
Time: Thu Sep 23 22:20:43 2021 E. South America Standard Time elapsed time: 9.246860 seconds (0d 0h 0m 9s)

---------------  T H R E A D  ---------------

Current thread (0x0000023c32495000):  JavaThread "pool-1-thread-1" [_thread_in_vm, id=2212, stack(0x000000a96d500000,0x000000a96d600000)]

Stack: [0x000000a96d500000,0x000000a96d600000],  sp=0x000000a96d5fd170,  free space=1012k
Native frames: (J=compiled Java code, j=interpreted, Vv=VM code, C=native code)
V  [jvm.dll+0x372a8f]
C  0x0000023c1e19dd57

Java frames: (J=compiled Java code, j=interpreted, Vv=VM code)
j  org.eclipse.jdt.internal.compiler.parser.Scanner.getNextToken0()I+93
j  org.eclipse.jdt.internal.compiler.parser.Scanner.getNextToken()I+47
j  org.eclipse.jdt.internal.compiler.parser.Parser.fetchNextToken()I+4
j  org.eclipse.jdt.internal.compiler.parser.Parser.parse()V+329
j  org.eclipse.jdt.internal.compiler.parser.Parser.parse(Lorg/eclipse/jdt/internal/compiler/env/ICompilationUnit;Lorg/eclipse/jdt/internal/compiler/CompilationResult;II)Lorg/eclipse/jdt/internal/compiler/ast/CompilationUnitDeclaration;+178
j  org.eclipse.jdt.internal.compiler.parser.Parser.parse(Lorg/eclipse/jdt/internal/compiler/env/ICompilationUnit;Lorg/eclipse/jdt/internal/compiler/CompilationResult;)Lorg/eclipse/jdt/internal/compiler/ast/CompilationUnitDeclaration;+5
j  org.eclipse.jdt.internal.compiler.parser.Parser.dietParse(Lorg/eclipse/jdt/internal/compiler/env/ICompilationUnit;Lorg/eclipse/jdt/internal/compiler/CompilationResult;)Lorg/eclipse/jdt/internal/compiler/ast/CompilationUnitDeclaration;+25
j  org.eclipse.jdt.core.dom.CompilationUnitResolver.parse(Lorg/eclipse/jdt/internal/compiler/env/ICompilationUnit;Lorg/eclipse/jdt/core/dom/NodeSearcher;Ljava/util/Map;I)Lorg/eclipse/jdt/internal/compiler/ast/CompilationUnitDeclaration;+117
j  org.eclipse.jdt.core.dom.ASTParser.internalCreateAST(Lorg/eclipse/core/runtime/IProgressMonitor;)Lorg/eclipse/jdt/core/dom/ASTNode;+914
j  org.eclipse.jdt.core.dom.ASTParser.createAST(Lorg/eclipse/core/runtime/IProgressMonitor;)Lorg/eclipse/jdt/core/dom/ASTNode;+39
j  org.eclipse.jdt.ls.core.internal.JDTUtils.getPackageName(Lorg/eclipse/jdt/core/IJavaProject;Ljava/lang/String;)Ljava/lang/String;+37
j  org.eclipse.jdt.ls.core.internal.JDTUtils.getPackageName(Lorg/eclipse/jdt/core/IJavaProject;Ljava/net/URI;)Ljava/lang/String;+194
j  org.eclipse.jdt.ls.core.internal.managers.InvisibleProjectImporter.getPackageName(Lorg/eclipse/core/runtime/IPath;Lorg/eclipse/core/runtime/IPath;Lorg/eclipse/jdt/core/IJavaProject;[[Ljava/lang/String;)Ljava/lang/String;+60
j  org.eclipse.jdt.ls.core.internal.managers.InvisibleProjectImporter.getPackageName(Lorg/eclipse/core/runtime/IPath;Lorg/eclipse/core/runtime/IPath;[[Ljava/lang/String;)Ljava/lang/String;+32
j  org.eclipse.jdt.ls.core.internal.managers.InvisibleProjectImporter.tryResolveSourceDirectory(Lorg/eclipse/core/runtime/IPath;Lorg/eclipse/core/runtime/IPath;[[Ljava/lang/String;)Lorg/eclipse/core/runtime/IPath;+3
j  org.eclipse.jdt.ls.core.internal.syntaxserver.SyntaxDocumentLifeCycleHandler.tryUpdateClasspath(Lorg/eclipse/core/runtime/IPath;Lorg/eclipse/core/runtime/IPath;)Z+51
j  org.eclipse.jdt.ls.core.internal.syntaxserver.SyntaxDocumentLifeCycleHandler.resolveCompilationUnit(Ljava/lang/String;)Lorg/eclipse/jdt/core/ICompilationUnit;+82
j  org.eclipse.jdt.ls.core.internal.handlers.BaseDocumentLifeCycleHandler.handleOpen(Lorg/eclipse/lsp4j/DidOpenTextDocumentParams;)Lorg/eclipse/jdt/core/ICompilationUnit;+10
j  org.eclipse.jdt.ls.core.internal.handlers.BaseDocumentLifeCycleHandler$5.run(Lorg/eclipse/core/runtime/IProgressMonitor;)V+8
j  org.eclipse.core.internal.resources.Workspace.run(Lorg/eclipse/core/runtime/ICoreRunnable;Lorg/eclipse/core/runtime/jobs/ISchedulingRule;ILorg/eclipse/core/runtime/IProgressMonitor;)V+69
j  org.eclipse.core.internal.resources.Workspace.run(Lorg/eclipse/core/resources/IWorkspaceRunnable;Lorg/eclipse/core/runtime/jobs/ISchedulingRule;ILorg/eclipse/core/runtime/IProgressMonitor;)V+6
j  org.eclipse.jdt.ls.core.internal.handlers.BaseDocumentLifeCycleHandler.didOpen(Lorg/eclipse/lsp4j/DidOpenTextDocumentParams;)V+59
j  org.eclipse.jdt.ls.core.internal.syntaxserver.SyntaxLanguageServer.didOpen(Lorg/eclipse/lsp4j/DidOpenTextDocumentParams;)V+11
v  ~StubRoutines::call_stub
j  jdk.internal.reflect.NativeMethodAccessorImpl.invoke0(Ljava/lang/reflect/Method;Ljava/lang/Object;[Ljava/lang/Object;)Ljava/lang/Object;+0 java.base@11.0.12
j  jdk.internal.reflect.NativeMethodAccessorImpl.invoke(Ljava/lang/Object;[Ljava/lang/Object;)Ljava/lang/Object;+100 java.base@11.0.12
J 1141 c1 jdk.internal.reflect.DelegatingMethodAccessorImpl.invoke(Ljava/lang/Object;[Ljava/lang/Object;)Ljava/lang/Object; java.base@11.0.12 (10 bytes) @ 0x0000023c1e912a3c [0x0000023c1e912940+0x00000000000000fc]
J 1140 c1 java.lang.reflect.Method.invoke(Ljava/lang/Object;[Ljava/lang/Object;)Ljava/lang/Object; java.base@11.0.12 (65 bytes) @ 0x0000023c1e9124cc [0x0000023c1e9121a0+0x000000000000032c]
j  org.eclipse.lsp4j.jsonrpc.services.GenericEndpoint.lambda$null$0(Lorg/eclipse/lsp4j/jsonrpc/services/AnnotationUtil$MethodInfo;Ljava/lang/Object;Ljava/lang/Object;)Ljava/util/concurrent/CompletableFuture;+20
j  org.eclipse.lsp4j.jsonrpc.services.GenericEndpoint$$Lambda$163.apply(Ljava/lang/Object;)Ljava/lang/Object;+13
j  org.eclipse.lsp4j.jsonrpc.services.GenericEndpoint.notify(Ljava/lang/String;Ljava/lang/Object;)V+18
j  org.eclipse.lsp4j.jsonrpc.RemoteEndpoint.handleNotification(Lorg/eclipse/lsp4j/jsonrpc/messages/NotificationMessage;)V+20
j  org.eclipse.lsp4j.jsonrpc.RemoteEndpoint.consume(Lorg/eclipse/lsp4j/jsonrpc/messages/Message;)V+14
j  org.eclipse.lsp4j.jsonrpc.json.StreamMessageProducer.handleMessage(Ljava/io/InputStream;Lorg/eclipse/lsp4j/jsonrpc/json/StreamMessageProducer$Headers;)Z+99
j  org.eclipse.lsp4j.jsonrpc.json.StreamMessageProducer.listen(Lorg/eclipse/lsp4j/jsonrpc/MessageConsumer;)V+158
j  org.eclipse.lsp4j.jsonrpc.json.ConcurrentMessageProcessor.run()V+12
j  java.util.concurrent.Executors$RunnableAdapter.call()Ljava/lang/Object;+4 java.base@11.0.12
j  java.util.concurrent.FutureTask.run()V+39 java.base@11.0.12
j  java.util.concurrent.ThreadPoolExecutor.runWorker(Ljava/util/concurrent/ThreadPoolExecutor$Worker;)V+92 java.base@11.0.12
j  java.util.concurrent.ThreadPoolExecutor$Worker.run()V+5 java.base@11.0.12
j  java.lang.Thread.run()V+11 java.base@11.0.12
v  ~StubRoutines::call_stub

siginfo: EXCEPTION_ACCESS_VIOLATION (0xc0000005), reading address 0x00000000ec227d3c


Register to memory mapping:

RIP=0x00007ff825b82a8f jvm.dll
RAX=0x000000000000000c is an unknown value
RBX=0x00000000ec227d30 is an unallocated location in the heap
RCX=0x000000a96d5fd1b0 is pointing into the stack for thread: 0x0000023c32495000
RDX=0x00007ff826078e98 jvm.dll
RSP=0x000000a96d5fd170 is pointing into the stack for thread: 0x0000023c32495000
RBP=0x0000023c31fd8ab0 points into unknown readable memory: 0x0000000000000000 | 00 00 00 00 00 00 00 00
RSI=0x0000023c32b18b80 points into unknown readable memory: 0x0000000000000002 | 02 00 00 00 00 00 00 00
RDI=0x0000023c32495000 is a thread
R8 =0x0000000000000687 is an unknown value
R9 =0x0000000000000006 is an unknown value
R10=0x0000023c32b29450 points into unknown readable memory: 0x0000003c00000005 | 05 00 00 00 3c 00 00 00
R11=0x000000a96d5fd160 is pointing into the stack for thread: 0x0000023c32495000
R12=0x0000000000000687 is an unknown value
R13=0x00000000000003d8 is an unknown value
R14=0x0000023c31fd8ac0 points into unknown readable memory: 0x0000023c3236b414 | 14 b4 36 32 3c 02 00 00
R15=0x0000023c31fd8e98 points into unknown readable memory: 0x9000070058e90cd4 | d4 0c e9 58 00 07 00 90


Registers:
RAX=0x000000000000000c, RBX=0x00000000ec227d30, RCX=0x000000a96d5fd1b0, RDX=0x00007ff826078e98
RSP=0x000000a96d5fd170, RBP=0x0000023c31fd8ab0, RSI=0x0000023c32b18b80, RDI=0x0000023c32495000
R8 =0x0000000000000687, R9 =0x0000000000000006, R10=0x0000023c32b29450, R11=0x000000a96d5fd160
R12=0x0000000000000687, R13=0x00000000000003d8, R14=0x0000023c31fd8ac0, R15=0x0000023c31fd8e98
RIP=0x00007ff825b82a8f, EFLAGS=0x0000000000010202

Top of Stack: (sp=0x000000a96d5fd170)
0x000000a96d5fd170:   0000023c3d5f7808 00000000ec227d30
0x000000a96d5fd180:   000000000000000d 0000023c32495000
0x000000a96d5fd190:   0000023c32495000 00007ff825dc2d1f
0x000000a96d5fd1a0:   0000023c32495000 00007ff825991a39
0x000000a96d5fd1b0:   00007ff8260ebdf0 0000005000000000
0x000000a96d5fd1c0:   0000000000000000 0000000000000000
0x000000a96d5fd1d0:   0000000000000000 0000000000000000
0x000000a96d5fd1e0:   0000000000000000 000000a96d5fd201
0x000000a96d5fd1f0:   0000000000000000 0000000000000030
0x000000a96d5fd200:   0000000000000000 0000023c1e19e424
0x000000a96d5fd210:   0000023c32495000 0000023c3d5fab20
0x000000a96d5fd220:   0000000000000000 0000000000000000
0x000000a96d5fd230:   00000000eab96bd8 000000000000003e
0x000000a96d5fd240:   000020cab5c4caf6 00000000eab96a78
0x000000a96d5fd250:   0000023c32495000 000000a96d5fd388
0x000000a96d5fd260:   0000023c3d5f67f5 0000000000000000 

Instructions: (pc=0x00007ff825b82a8f)
0x00007ff825b8298f:   00 00 00 75 1a 8b 83 d8 00 00 00 c1 e8 1d a8 01
0x00007ff825b8299f:   75 0d 8b 83 d8 00 00 00 c1 e8 02 a8 01 74 0a b2
0x00007ff825b829af:   01 48 8b cb e8 a8 7f 3d 00 48 8b 9c 24 80 00 00
0x00007ff825b829bf:   00 48 83 c4 40 41 5f 41 5e 5f 5e 5d c3 cc cc cc
0x00007ff825b829cf:   cc 4c 8b dc 57 48 81 ec 10 01 00 00 48 8b 05 26
0x00007ff825b829df:   e5 6d 00 48 33 c4 48 89 84 24 d0 00 00 00 49 89
0x00007ff825b829ef:   5b 20 48 8b f9 49 89 73 e8 48 8b da 4d 89 63 e0
0x00007ff825b829ff:   ba 03 00 00 00 45 8b e0 48 89 4c 24 30 4c 8b c1
0x00007ff825b82a0f:   c7 81 c0 03 00 00 06 00 00 00 e8 42 da ff ff 48
0x00007ff825b82a1f:   83 7f 08 00 0f 85 ed 00 00 00 48 8b b7 78 02 00
0x00007ff825b82a2f:   00 48 8d 4c 24 40 48 89 ac 24 08 01 00 00 33 d2
0x00007ff825b82a3f:   4c 89 ac 24 f0 00 00 00 4c 89 b4 24 e8 00 00 00
0x00007ff825b82a4f:   48 8b 6e 10 4c 8b 76 18 4c 8b 6e 28 4c 89 bc 24
0x00007ff825b82a5f:   e0 00 00 00 4c 8b 7e 20 e8 b4 fc 28 00 80 3d ee
0x00007ff825b82a6f:   11 71 00 00 48 8d 15 1e 64 4f 00 b9 0c 00 00 00
0x00007ff825b82a7f:   b8 10 00 00 00 0f 45 c1 45 8b c4 48 8d 4c 24 40
0x00007ff825b82a8f:   44 8b 0c 18 e8 f8 13 29 00 48 8b 1d 81 86 74 00
0x00007ff825b82a9f:   48 8d 4c 24 40 e8 37 04 29 00 4c 8b cb 48 89 44
0x00007ff825b82aaf:   24 20 41 b8 bc 01 00 00 48 8d 15 d2 d1 52 00 48
0x00007ff825b82abf:   8b cf e8 3a 7d f5 ff 48 8d 4c 24 40 e8 a0 fd 28
0x00007ff825b82acf:   00 48 83 7d 00 00 74 13 49 8b d5 48 8b ce e8 0e
0x00007ff825b82adf:   ff d4 ff 48 8b cd e8 76 fe d4 ff 4c 8b ac 24 f0
0x00007ff825b82aef:   00 00 00 48 89 6e 10 48 8b ac 24 08 01 00 00 4c
0x00007ff825b82aff:   89 76 18 4c 8b b4 24 e8 00 00 00 4c 89 7e 20 4c
0x00007ff825b82b0f:   8b bc 24 e0 00 00 00 48 8b 9f f0 00 00 00 4c 8b
0x00007ff825b82b1f:   a4 24 f8 00 00 00 48 8b 43 10 48 8b 73 08 48 83
0x00007ff825b82b2f:   38 00 74 19 48 8b 53 28 48 8b ce e8 b1 fe d4 ff
0x00007ff825b82b3f:   48 8b 4b 10 e8 18 fe d4 ff 48 8b 43 10 48 89 46
0x00007ff825b82b4f:   10 48 8b 43 18 48 89 46 18 48 8b 43 20 48 8b 9c
0x00007ff825b82b5f:   24 38 01 00 00 48 89 46 20 83 bf 08 04 00 00 02
0x00007ff825b82b6f:   48 8b b4 24 00 01 00 00 75 08 48 8b cf e8 9f 72
0x00007ff825b82b7f:   3d 00 ba 06 00 00 00 48 8d 4c 24 30 44 8d 42 02 


Stack slot to memory mapping:
stack at sp + 0 slots: {method} {0x0000023c3d5f7810} 'getNextToken0' '()I' in 'org/eclipse/jdt/internal/compiler/parser/Scanner'
stack at sp + 1 slots: 0x00000000ec227d30 is an unallocated location in the heap
stack at sp + 2 slots: 0x000000000000000d is an unknown value
stack at sp + 3 slots: 0x0000023c32495000 is a thread
stack at sp + 4 slots: 0x0000023c32495000 is a thread
stack at sp + 5 slots: 0x00007ff825dc2d1f jvm.dll
stack at sp + 6 slots: 0x0000023c32495000 is a thread
stack at sp + 7 slots: 0x00007ff825991a39 jvm.dll


---------------  P R O C E S S  ---------------

Threads class SMR info:
_java_thread_list=0x0000023c324acc20, length=21, elements={
0x0000023c15a81000, 0x0000023c2fb76800, 0x0000023c2fb78800, 0x0000023c30c16800,
0x0000023c30c17800, 0x0000023c30c19800, 0x0000023c30c1c800, 0x0000023c30c1e000,
0x0000023c30bc8000, 0x0000023c30d6c800, 0x0000023c321ae800, 0x0000023c327f0800,
0x0000023c325ab000, 0x0000023c32619000, 0x0000023c31f70000, 0x0000023c32bbd800,
0x0000023c32c07000, 0x0000023c32c65800, 0x0000023c32495000, 0x0000023c32845000,
0x0000023c32115800
}

Java Threads: ( => current thread )
  0x0000023c15a81000 JavaThread "main" [_thread_blocked, id=8544, stack(0x000000a96b900000,0x000000a96ba00000)]
  0x0000023c2fb76800 JavaThread "Reference Handler" daemon [_thread_blocked, id=14276, stack(0x000000a96bc00000,0x000000a96bd00000)]
  0x0000023c2fb78800 JavaThread "Finalizer" daemon [_thread_blocked, id=14232, stack(0x000000a96bd00000,0x000000a96be00000)]
  0x0000023c30c16800 JavaThread "Signal Dispatcher" daemon [_thread_blocked, id=12936, stack(0x000000a96be00000,0x000000a96bf00000)]
  0x0000023c30c17800 JavaThread "Attach Listener" daemon [_thread_blocked, id=4524, stack(0x000000a96bf00000,0x000000a96c000000)]
  0x0000023c30c19800 JavaThread "Service Thread" daemon [_thread_blocked, id=9540, stack(0x000000a96c000000,0x000000a96c100000)]
  0x0000023c30c1c800 JavaThread "C2 CompilerThread0" daemon [_thread_in_native, id=13396, stack(0x000000a96c100000,0x000000a96c200000)]
  0x0000023c30c1e000 JavaThread "C1 CompilerThread0" daemon [_thread_blocked, id=10208, stack(0x000000a96c200000,0x000000a96c300000)]
  0x0000023c30bc8000 JavaThread "Sweeper thread" daemon [_thread_blocked, id=9844, stack(0x000000a96c300000,0x000000a96c400000)]
  0x0000023c30d6c800 JavaThread "Common-Cleaner" daemon [_thread_blocked, id=14000, stack(0x000000a96c400000,0x000000a96c500000)]
  0x0000023c321ae800 JavaThread "Active Thread: Equinox Container: b0af2b89-7ffb-4af5-81ee-b7bcc6c04eea" [_thread_blocked, id=13268, stack(0x000000a96c800000,0x000000a96c900000)]
  0x0000023c327f0800 JavaThread "Framework Event Dispatcher: Equinox Container: b0af2b89-7ffb-4af5-81ee-b7bcc6c04eea" daemon [_thread_blocked, id=8264, stack(0x000000a96c900000,0x000000a96ca00000)]
  0x0000023c325ab000 JavaThread "Start Level: Equinox Container: b0af2b89-7ffb-4af5-81ee-b7bcc6c04eea" daemon [_thread_blocked, id=14040, stack(0x000000a96ca00000,0x000000a96cb00000)]
  0x0000023c32619000 JavaThread "SCR Component Actor" daemon [_thread_blocked, id=13748, stack(0x000000a96c600000,0x000000a96c700000)]
  0x0000023c31f70000 JavaThread "Timer-0" daemon [_thread_blocked, id=7064, stack(0x000000a96ce00000,0x000000a96cf00000)]
  0x0000023c32bbd800 JavaThread "Worker-JM" [_thread_blocked, id=14404, stack(0x000000a96cf00000,0x000000a96d000000)]
  0x0000023c32c07000 JavaThread "Worker-0" [_thread_blocked, id=11240, stack(0x000000a96cd00000,0x000000a96ce00000)]
  0x0000023c32c65800 JavaThread "Worker-1" [_thread_blocked, id=4468, stack(0x000000a96d200000,0x000000a96d300000)]
=>0x0000023c32495000 JavaThread "pool-1-thread-1" [_thread_in_vm, id=2212, stack(0x000000a96d500000,0x000000a96d600000)]
  0x0000023c32845000 JavaThread "C2 CompilerThread1" daemon [_thread_blocked, id=11148, stack(0x000000a96d600000,0x000000a96d700000)]
  0x0000023c32115800 JavaThread "C2 CompilerThread2" daemon [_thread_blocked, id=13136, stack(0x000000a96d700000,0x000000a96d800000)]

Other Threads:
  0x0000023c2fb72800 VMThread "VM Thread" [stack: 0x000000a96bb00000,0x000000a96bc00000] [id=6988]
  0x0000023c30f18000 WatcherThread [stack: 0x000000a96c500000,0x000000a96c600000] [id=13548]
  0x0000023c15a99000 GCTaskThread "ParGC Thread#0" [stack: 0x000000a96ba00000,0x000000a96bb00000] [id=12660]
  0x0000023c324c1000 GCTaskThread "ParGC Thread#1" [stack: 0x000000a96c700000,0x000000a96c800000] [id=10392]
  0x0000023c3260e800 GCTaskThread "ParGC Thread#2" [stack: 0x000000a96cb00000,0x000000a96cc00000] [id=14528]
  0x0000023c32397800 GCTaskThread "ParGC Thread#3" [stack: 0x000000a96cc00000,0x000000a96cd00000] [id=7984]
  0x0000023c32ba2800 GCTaskThread "ParGC Thread#4" [stack: 0x000000a96d000000,0x000000a96d100000] [id=11244]
  0x0000023c32ba3000 GCTaskThread "ParGC Thread#5" [stack: 0x000000a96d100000,0x000000a96d200000] [id=896]
  0x0000023c30d6c000 GCTaskThread "ParGC Thread#6" [stack: 0x000000a96d300000,0x000000a96d400000] [id=11120]
  0x0000023c329bd000 GCTaskThread "ParGC Thread#7" [stack: 0x000000a96d400000,0x000000a96d500000] [id=10740]

Threads with active compile tasks:
C2 CompilerThread0   9574 3359       4       org.objectweb.asm.ClassReader::readMethod (1052 bytes)

VM state:synchronizing (normal execution)

VM Mutex/Monitor currently owned by a thread:  ([mutex/lock_event])
[0x0000023c15a7e540] Threads_lock - owner thread: 0x0000023c2fb72800

Heap address: 0x00000000c0000000, size: 1024 MB, Compressed Oops mode: 32-bit
Narrow klass base: 0x0000000000000000, Narrow klass shift: 3
Compressed class space size: 1073741824 Address: 0x0000000100000000

Heap:
 PSYoungGen      total 20480K, used 133K [0x00000000eab00000, 0x00000000ec200000, 0x0000000100000000)
  eden space 19968K, 0% used [0x00000000eab00000,0x00000000eab214a8,0x00000000ebe80000)
  from space 512K, 0% used [0x00000000ebf80000,0x00000000ebf80000,0x00000000ec000000)
  to   space 1024K, 0% used [0x00000000ec100000,0x00000000ec100000,0x00000000ec200000)
 ParOldGen       total 68608K, used 24500K [0x00000000c0000000, 0x00000000c4300000, 0x00000000eab00000)
  object space 68608K, 35% used [0x00000000c0000000,0x00000000c17ed2a8,0x00000000c4300000)
 Metaspace       used 33224K, capacity 35259K, committed 35416K, reserved 1081344K
  class space    used 3128K, capacity 3890K, committed 3968K, reserved 1048576K

Card table byte_map: [0x0000023c15430000,0x0000023c15640000] _byte_map_base: 0x0000023c14e30000

Marking Bits: (ParMarkBitMap*) 0x00007ff8262abcf0
 Begin Bits: [0x0000023c2d190000, 0x0000023c2e190000)
 End Bits:   [0x0000023c2e190000, 0x0000023c2f190000)

Polling page: 0x0000023c139d0000

Metaspace:

Usage:
  Non-class:     30.63 MB capacity,    29.39 MB ( 96%) used,     1.17 MB (  4%) free+waste,    72.63 KB ( <1%) overhead. 
      Class:      3.80 MB capacity,     3.05 MB ( 80%) used,   726.63 KB ( 19%) free+waste,    35.25 KB ( <1%) overhead. 
       Both:     34.43 MB capacity,    32.45 MB ( 94%) used,     1.88 MB (  5%) free+waste,   107.88 KB ( <1%) overhead. 

Virtual space:
  Non-class space:       32.00 MB reserved,      30.71 MB ( 96%) committed 
      Class space:        1.00 GB reserved,       3.88 MB ( <1%) committed 
             Both:        1.03 GB reserved,      34.59 MB (  3%) committed 

Chunk freelists:
   Non-Class:  55.00 KB
       Class:  14.00 KB
        Both:  69.00 KB

MaxMetaspaceSize: 17179869184.00 GB
CompressedClassSpaceSize: 1.00 GB
Initial GC threshold: 20.80 MB
Current GC threshold: 57.64 MB
CDS: off

CodeHeap 'non-profiled nmethods': size=120000Kb used=1648Kb max_used=1648Kb free=118351Kb
 bounds [0x0000023c25c60000, 0x0000023c25ed0000, 0x0000023c2d190000]
CodeHeap 'profiled nmethods': size=120000Kb used=7152Kb max_used=7152Kb free=112847Kb
 bounds [0x0000023c1e730000, 0x0000023c1ee30000, 0x0000023c25c60000]
CodeHeap 'non-nmethods': size=5760Kb used=1269Kb max_used=1293Kb free=4490Kb
 bounds [0x0000023c1e190000, 0x0000023c1e400000, 0x0000023c1e730000]
 total_blobs=3919 nmethods=3366 adapters=467
 compilation: enabled
              stopped_count=0, restarted_count=0
 full_count=0

Compilation events (20 events):
Event: 8.822 Thread 0x0000023c30c1e000 nmethod 3375 0x0000023c1ee1d090 code [0x0000023c1ee1d240, 0x0000023c1ee1d318]
Event: 8.822 Thread 0x0000023c30c1e000 3376       3       org.eclipse.jdt.internal.compiler.util.HashtableOfInt::put (95 bytes)
Event: 8.822 Thread 0x0000023c30c1e000 nmethod 3376 0x0000023c1ee1d390 code [0x0000023c1ee1d580, 0x0000023c1ee1db48]
Event: 8.826 Thread 0x0000023c32115800 nmethod 3369 0x0000023c25df9110 code [0x0000023c25df92e0, 0x0000023c25df9718]
Event: 8.831 Thread 0x0000023c30c1e000 3377       1       lombok.patcher.scripts.AddFieldScript::access$0 (5 bytes)
Event: 8.831 Thread 0x0000023c32115800 3378       4       org.objectweb.asm.SymbolTable::hash (7 bytes)
Event: 8.831 Thread 0x0000023c30c1e000 nmethod 3377 0x0000023c25df9c10 code [0x0000023c25df9dc0, 0x0000023c25df9e58]
Event: 8.831 Thread 0x0000023c30c1e000 3379       3       org.objectweb.asm.SymbolTable::addConstantIntegerOrFloat (100 bytes)
Event: 8.831 Thread 0x0000023c32115800 nmethod 3378 0x0000023c25df9f10 code [0x0000023c25dfa0a0, 0x0000023c25dfa0f8]
Event: 8.832 Thread 0x0000023c30c1e000 nmethod 3379 0x0000023c1ee1dd90 code [0x0000023c1ee1dfc0, 0x0000023c1ee1e598]
Event: 8.846 Thread 0x0000023c32845000 nmethod 3368 0x0000023c25dfa210 code [0x0000023c25dfa420, 0x0000023c25dfb828]
Event: 8.881 Thread 0x0000023c30c1e000 3380       3       org.objectweb.asm.ClassReader::readLong (29 bytes)
Event: 8.881 Thread 0x0000023c30c1e000 nmethod 3380 0x0000023c1ee1e890 code [0x0000023c1ee1ea60, 0x0000023c1ee1ec18]
Event: 8.882 Thread 0x0000023c30c1e000 3381       3       java.util.regex.Matcher::groupCount (10 bytes)
Event: 8.882 Thread 0x0000023c30c1e000 nmethod 3381 0x0000023c1ee1ed10 code [0x0000023c1ee1eec0, 0x0000023c1ee1efd8]
Event: 8.883 Thread 0x0000023c30c1e000 3382       3       java.util.regex.Pattern$LastNode::match (45 bytes)
Event: 8.884 Thread 0x0000023c30c1e000 nmethod 3382 0x0000023c1ee1f090 code [0x0000023c1ee1f240, 0x0000023c1ee1f438]
Event: 8.906 Thread 0x0000023c30c1e000 3383       3       org.eclipse.jdt.core.compiler.CharOperation::isWhitespace (23 bytes)
Event: 8.907 Thread 0x0000023c30c1e000 nmethod 3383 0x0000023c1ee1f590 code [0x0000023c1ee1f740, 0x0000023c1ee1f8f8]
Event: 8.907 Thread 0x0000023c30c1e000 3384       3       org.eclipse.jdt.internal.compiler.parser.Scanner::internalScanIdentifierOrKeyword (4733 bytes)

GC Heap History (20 events):
Event: 7.794 GC heap before
{Heap before GC invocations=8 (full 1):
 PSYoungGen      total 27136K, used 27111K [0x00000000eab00000, 0x00000000ec900000, 0x0000000100000000)
  eden space 24576K, 100% used [0x00000000eab00000,0x00000000ec300000,0x00000000ec300000)
  from space 2560K, 99% used [0x00000000ec600000,0x00000000ec879f18,0x00000000ec880000)
  to   space 3072K, 0% used [0x00000000ec300000,0x00000000ec300000,0x00000000ec600000)
 ParOldGen       total 68608K, used 6267K [0x00000000c0000000, 0x00000000c4300000, 0x00000000eab00000)
  object space 68608K, 9% used [0x00000000c0000000,0x00000000c061ece8,0x00000000c4300000)
 Metaspace       used 30832K, capacity 32717K, committed 32896K, reserved 1079296K
  class space    used 2971K, capacity 3700K, committed 3712K, reserved 1048576K
}
Event: 7.798 GC heap after
{Heap after GC invocations=8 (full 1):
 PSYoungGen      total 27136K, used 3046K [0x00000000eab00000, 0x00000000ecb80000, 0x0000000100000000)
  eden space 24064K, 0% used [0x00000000eab00000,0x00000000eab00000,0x00000000ec280000)
  from space 3072K, 99% used [0x00000000ec300000,0x00000000ec5f9a28,0x00000000ec600000)
  to   space 4608K, 0% used [0x00000000ec700000,0x00000000ec700000,0x00000000ecb80000)
 ParOldGen       total 68608K, used 7336K [0x00000000c0000000, 0x00000000c4300000, 0x00000000eab00000)
  object space 68608K, 10% used [0x00000000c0000000,0x00000000c072a050,0x00000000c4300000)
 Metaspace       used 30832K, capacity 32717K, committed 32896K, reserved 1079296K
  class space    used 2971K, capacity 3700K, committed 3712K, reserved 1048576K
}
Event: 7.975 GC heap before
{Heap before GC invocations=9 (full 1):
 PSYoungGen      total 27136K, used 27110K [0x00000000eab00000, 0x00000000ecb80000, 0x0000000100000000)
  eden space 24064K, 100% used [0x00000000eab00000,0x00000000ec280000,0x00000000ec280000)
  from space 3072K, 99% used [0x00000000ec300000,0x00000000ec5f9a28,0x00000000ec600000)
  to   space 4608K, 0% used [0x00000000ec700000,0x00000000ec700000,0x00000000ecb80000)
 ParOldGen       total 68608K, used 7336K [0x00000000c0000000, 0x00000000c4300000, 0x00000000eab00000)
  object space 68608K, 10% used [0x00000000c0000000,0x00000000c072a050,0x00000000c4300000)
 Metaspace       used 31053K, capacity 32936K, committed 33152K, reserved 1079296K
  class space    used 2995K, capacity 3709K, committed 3712K, reserved 1048576K
}
Event: 7.981 GC heap after
{Heap after GC invocations=9 (full 1):
 PSYoungGen      total 27648K, used 4598K [0x00000000eab00000, 0x00000000ecd00000, 0x0000000100000000)
  eden space 23040K, 0% used [0x00000000eab00000,0x00000000eab00000,0x00000000ec180000)
  from space 4608K, 99% used [0x00000000ec700000,0x00000000ecb7d9f8,0x00000000ecb80000)
  to   space 5632K, 0% used [0x00000000ec180000,0x00000000ec180000,0x00000000ec700000)
 ParOldGen       total 68608K, used 8000K [0x00000000c0000000, 0x00000000c4300000, 0x00000000eab00000)
  object space 68608K, 11% used [0x00000000c0000000,0x00000000c07d0070,0x00000000c4300000)
 Metaspace       used 31053K, capacity 32936K, committed 33152K, reserved 1079296K
  class space    used 2995K, capacity 3709K, committed 3712K, reserved 1048576K
}
Event: 8.079 GC heap before
{Heap before GC invocations=10 (full 1):
 PSYoungGen      total 27648K, used 27638K [0x00000000eab00000, 0x00000000ecd00000, 0x0000000100000000)
  eden space 23040K, 100% used [0x00000000eab00000,0x00000000ec180000,0x00000000ec180000)
  from space 4608K, 99% used [0x00000000ec700000,0x00000000ecb7d9f8,0x00000000ecb80000)
  to   space 5632K, 0% used [0x00000000ec180000,0x00000000ec180000,0x00000000ec700000)
 ParOldGen       total 68608K, used 8000K [0x00000000c0000000, 0x00000000c4300000, 0x00000000eab00000)
  object space 68608K, 11% used [0x00000000c0000000,0x00000000c07d0070,0x00000000c4300000)
 Metaspace       used 31071K, capacity 32936K, committed 33152K, reserved 1079296K
  class space    used 2995K, capacity 3709K, committed 3712K, reserved 1048576K
}
Event: 8.111 GC heap after
{Heap after GC invocations=10 (full 1):
 PSYoungGen      total 27648K, used 4926K [0x00000000eab00000, 0x00000000ecb00000, 0x0000000100000000)
  eden space 22528K, 0% used [0x00000000eab00000,0x00000000eab00000,0x00000000ec100000)
  from space 5120K, 96% used [0x00000000ec180000,0x00000000ec64f858,0x00000000ec680000)
  to   space 4608K, 0% used [0x00000000ec680000,0x00000000ec680000,0x00000000ecb00000)
 ParOldGen       total 68608K, used 9791K [0x00000000c0000000, 0x00000000c4300000, 0x00000000eab00000)
  object space 68608K, 14% used [0x00000000c0000000,0x00000000c098fd20,0x00000000c4300000)
 Metaspace       used 31071K, capacity 32936K, committed 33152K, reserved 1079296K
  class space    used 2995K, capacity 3709K, committed 3712K, reserved 1048576K
}
Event: 8.209 GC heap before
{Heap before GC invocations=11 (full 1):
 PSYoungGen      total 27648K, used 27454K [0x00000000eab00000, 0x00000000ecb00000, 0x0000000100000000)
  eden space 22528K, 100% used [0x00000000eab00000,0x00000000ec100000,0x00000000ec100000)
  from space 5120K, 96% used [0x00000000ec180000,0x00000000ec64f858,0x00000000ec680000)
  to   space 4608K, 0% used [0x00000000ec680000,0x00000000ec680000,0x00000000ecb00000)
 ParOldGen       total 68608K, used 9791K [0x00000000c0000000, 0x00000000c4300000, 0x00000000eab00000)
  object space 68608K, 14% used [0x00000000c0000000,0x00000000c098fd20,0x00000000c4300000)
 Metaspace       used 31240K, capacity 33128K, committed 33152K, reserved 1079296K
  class space    used 3008K, capacity 3709K, committed 3712K, reserved 1048576K
}
Event: 8.216 GC heap after
{Heap after GC invocations=11 (full 1):
 PSYoungGen      total 24576K, used 4576K [0x00000000eab00000, 0x00000000ed080000, 0x0000000100000000)
  eden space 19968K, 0% used [0x00000000eab00000,0x00000000eab00000,0x00000000ebe80000)
  from space 4608K, 99% used [0x00000000ec680000,0x00000000ecaf8020,0x00000000ecb00000)
  to   space 8192K, 0% used [0x00000000ebe80000,0x00000000ebe80000,0x00000000ec680000)
 ParOldGen       total 68608K, used 12574K [0x00000000c0000000, 0x00000000c4300000, 0x00000000eab00000)
  object space 68608K, 18% used [0x00000000c0000000,0x00000000c0c47b28,0x00000000c4300000)
 Metaspace       used 31240K, capacity 33128K, committed 33152K, reserved 1079296K
  class space    used 3008K, capacity 3709K, committed 3712K, reserved 1048576K
}
Event: 8.275 GC heap before
{Heap before GC invocations=12 (full 1):
 PSYoungGen      total 24576K, used 24544K [0x00000000eab00000, 0x00000000ed080000, 0x0000000100000000)
  eden space 19968K, 100% used [0x00000000eab00000,0x00000000ebe80000,0x00000000ebe80000)
  from space 4608K, 99% used [0x00000000ec680000,0x00000000ecaf8020,0x00000000ecb00000)
  to   space 8192K, 0% used [0x00000000ebe80000,0x00000000ebe80000,0x00000000ec680000)
 ParOldGen       total 68608K, used 12574K [0x00000000c0000000, 0x00000000c4300000, 0x00000000eab00000)
  object space 68608K, 18% used [0x00000000c0000000,0x00000000c0c47b28,0x00000000c4300000)
 Metaspace       used 31240K, capacity 33128K, committed 33152K, reserved 1079296K
  class space    used 3008K, capacity 3709K, committed 3712K, reserved 1048576K
}
Event: 8.281 GC heap after
{Heap after GC invocations=12 (full 1):
 PSYoungGen      total 22528K, used 2080K [0x00000000eab00000, 0x00000000ec700000, 0x0000000100000000)
  eden space 19968K, 0% used [0x00000000eab00000,0x00000000eab00000,0x00000000ebe80000)
  from space 2560K, 81% used [0x00000000ebe80000,0x00000000ec088000,0x00000000ec100000)
  to   space 4096K, 0% used [0x00000000ec300000,0x00000000ec300000,0x00000000ec700000)
 ParOldGen       total 68608K, used 17150K [0x00000000c0000000, 0x00000000c4300000, 0x00000000eab00000)
  object space 68608K, 24% used [0x00000000c0000000,0x00000000c10bfa50,0x00000000c4300000)
 Metaspace       used 31240K, capacity 33128K, committed 33152K, reserved 1079296K
  class space    used 3008K, capacity 3709K, committed 3712K, reserved 1048576K
}
Event: 8.331 GC heap before
{Heap before GC invocations=13 (full 1):
 PSYoungGen      total 22528K, used 22048K [0x00000000eab00000, 0x00000000ec700000, 0x0000000100000000)
  eden space 19968K, 100% used [0x00000000eab00000,0x00000000ebe80000,0x00000000ebe80000)
  from space 2560K, 81% used [0x00000000ebe80000,0x00000000ec088000,0x00000000ec100000)
  to   space 4096K, 0% used [0x00000000ec300000,0x00000000ec300000,0x00000000ec700000)
 ParOldGen       total 68608K, used 17150K [0x00000000c0000000, 0x00000000c4300000, 0x00000000eab00000)
  object space 68608K, 24% used [0x00000000c0000000,0x00000000c10bfa50,0x00000000c4300000)
 Metaspace       used 31240K, capacity 33128K, committed 33152K, reserved 1079296K
  class space    used 3008K, capacity 3709K, committed 3712K, reserved 1048576K
}
Event: 8.337 GC heap after
{Heap after GC invocations=13 (full 1):
 PSYoungGen      total 22528K, used 2368K [0x00000000eab00000, 0x00000000ec580000, 0x0000000100000000)
  eden space 19968K, 0% used [0x00000000eab00000,0x00000000eab00000,0x00000000ebe80000)
  from space 2560K, 92% used [0x00000000ec300000,0x00000000ec550010,0x00000000ec580000)
  to   space 3072K, 0% used [0x00000000ebf80000,0x00000000ebf80000,0x00000000ec280000)
 ParOldGen       total 68608K, used 19158K [0x00000000c0000000, 0x00000000c4300000, 0x00000000eab00000)
  object space 68608K, 27% used [0x00000000c0000000,0x00000000c12b5a50,0x00000000c4300000)
 Metaspace       used 31240K, capacity 33128K, committed 33152K, reserved 1079296K
  class space    used 3008K, capacity 3709K, committed 3712K, reserved 1048576K
}
Event: 8.404 GC heap before
{Heap before GC invocations=14 (full 1):
 PSYoungGen      total 22528K, used 22336K [0x00000000eab00000, 0x00000000ec580000, 0x0000000100000000)
  eden space 19968K, 100% used [0x00000000eab00000,0x00000000ebe80000,0x00000000ebe80000)
  from space 2560K, 92% used [0x00000000ec300000,0x00000000ec550010,0x00000000ec580000)
  to   space 3072K, 0% used [0x00000000ebf80000,0x00000000ebf80000,0x00000000ec280000)
 ParOldGen       total 68608K, used 19158K [0x00000000c0000000, 0x00000000c4300000, 0x00000000eab00000)
  object space 68608K, 27% used [0x00000000c0000000,0x00000000c12b5a50,0x00000000c4300000)
 Metaspace       used 31241K, capacity 33128K, committed 33152K, reserved 1079296K
  class space    used 3009K, capacity 3709K, committed 3712K, reserved 1048576K
}
Event: 8.412 GC heap after
{Heap after GC invocations=14 (full 1):
 PSYoungGen      total 22016K, used 1888K [0x00000000eab00000, 0x00000000ec380000, 0x0000000100000000)
  eden space 19968K, 0% used [0x00000000eab00000,0x00000000eab00000,0x00000000ebe80000)
  from space 2048K, 92% used [0x00000000ebf80000,0x00000000ec158000,0x00000000ec180000)
  to   space 2048K, 0% used [0x00000000ec180000,0x00000000ec180000,0x00000000ec380000)
 ParOldGen       total 68608K, used 21492K [0x00000000c0000000, 0x00000000c4300000, 0x00000000eab00000)
  object space 68608K, 31% used [0x00000000c0000000,0x00000000c14fd2e0,0x00000000c4300000)
 Metaspace       used 31241K, capacity 33128K, committed 33152K, reserved 1079296K
  class space    used 3009K, capacity 3709K, committed 3712K, reserved 1048576K
}
Event: 8.827 GC heap before
{Heap before GC invocations=15 (full 1):
 PSYoungGen      total 22016K, used 21856K [0x00000000eab00000, 0x00000000ec380000, 0x0000000100000000)
  eden space 19968K, 100% used [0x00000000eab00000,0x00000000ebe80000,0x00000000ebe80000)
  from space 2048K, 92% used [0x00000000ebf80000,0x00000000ec158000,0x00000000ec180000)
  to   space 2048K, 0% used [0x00000000ec180000,0x00000000ec180000,0x00000000ec380000)
 ParOldGen       total 68608K, used 21492K [0x00000000c0000000, 0x00000000c4300000, 0x00000000eab00000)
  object space 68608K, 31% used [0x00000000c0000000,0x00000000c14fd2e0,0x00000000c4300000)
 Metaspace       used 32662K, capacity 34747K, committed 34816K, reserved 1081344K
  class space    used 3072K, capacity 3826K, committed 3840K, reserved 1048576K
}
Event: 8.830 GC heap after
{Heap after GC invocations=15 (full 1):
 PSYoungGen      total 22016K, used 2012K [0x00000000eab00000, 0x00000000ec380000, 0x0000000100000000)
  eden space 19968K, 0% used [0x00000000eab00000,0x00000000eab00000,0x00000000ebe80000)
  from space 2048K, 98% used [0x00000000ec180000,0x00000000ec377308,0x00000000ec380000)
  to   space 2048K, 0% used [0x00000000ebf80000,0x00000000ebf80000,0x00000000ec180000)
 ParOldGen       total 68608K, used 23305K [0x00000000c0000000, 0x00000000c4300000, 0x00000000eab00000)
  object space 68608K, 33% used [0x00000000c0000000,0x00000000c16c2638,0x00000000c4300000)
 Metaspace       used 32662K, capacity 34747K, committed 34816K, reserved 1081344K
  class space    used 3072K, capacity 3826K, committed 3840K, reserved 1048576K
}
Event: 8.907 GC heap before
{Heap before GC invocations=16 (full 1):
 PSYoungGen      total 22016K, used 5461K [0x00000000eab00000, 0x00000000ec380000, 0x0000000100000000)
  eden space 19968K, 17% used [0x00000000eab00000,0x00000000eae5e1d0,0x00000000ebe80000)
  from space 2048K, 98% used [0x00000000ec180000,0x00000000ec377308,0x00000000ec380000)
  to   space 2048K, 0% used [0x00000000ebf80000,0x00000000ebf80000,0x00000000ec180000)
 ParOldGen       total 68608K, used 23305K [0x00000000c0000000, 0x00000000c4300000, 0x00000000eab00000)
  object space 68608K, 33% used [0x00000000c0000000,0x00000000c16c2638,0x00000000c4300000)
 Metaspace       used 33223K, capacity 35259K, committed 35416K, reserved 1081344K
  class space    used 3128K, capacity 3890K, committed 3968K, reserved 1048576K
}
Event: 8.913 GC heap after
{Heap after GC invocations=16 (full 1):
 PSYoungGen      total 20480K, used 128K [0x00000000eab00000, 0x00000000ec200000, 0x0000000100000000)
  eden space 19968K, 0% used [0x00000000eab00000,0x00000000eab00000,0x00000000ebe80000)
  from space 512K, 25% used [0x00000000ebf80000,0x00000000ebfa0000,0x00000000ec000000)
  to   space 1024K, 0% used [0x00000000ec100000,0x00000000ec100000,0x00000000ec200000)
 ParOldGen       total 68608K, used 25058K [0x00000000c0000000, 0x00000000c4300000, 0x00000000eab00000)
  object space 68608K, 36% used [0x00000000c0000000,0x00000000c1878b60,0x00000000c4300000)
 Metaspace       used 33223K, capacity 35259K, committed 35416K, reserved 1081344K
  class space    used 3128K, capacity 3890K, committed 3968K, reserved 1048576K
}
Event: 8.913 GC heap before
{Heap before GC invocations=17 (full 2):
 PSYoungGen      total 20480K, used 128K [0x00000000eab00000, 0x00000000ec200000, 0x0000000100000000)
  eden space 19968K, 0% used [0x00000000eab00000,0x00000000eab00000,0x00000000ebe80000)
  from space 512K, 25% used [0x00000000ebf80000,0x00000000ebfa0000,0x00000000ec000000)
  to   space 1024K, 0% used [0x00000000ec100000,0x00000000ec100000,0x00000000ec200000)
 ParOldGen       total 68608K, used 25058K [0x00000000c0000000, 0x00000000c4300000, 0x00000000eab00000)
  object space 68608K, 36% used [0x00000000c0000000,0x00000000c1878b60,0x00000000c4300000)
 Metaspace       used 33223K, capacity 35259K, committed 35416K, reserved 1081344K
  class space    used 3128K, capacity 3890K, committed 3968K, reserved 1048576K
}
Event: 9.206 GC heap after
{Heap after GC invocations=17 (full 2):
 PSYoungGen      total 20480K, used 0K [0x00000000eab00000, 0x00000000ec200000, 0x0000000100000000)
  eden space 19968K, 0% used [0x00000000eab00000,0x00000000eab00000,0x00000000ebe80000)
  from space 512K, 0% used [0x00000000ebf80000,0x00000000ebf80000,0x00000000ec000000)
  to   space 1024K, 0% used [0x00000000ec100000,0x00000000ec100000,0x00000000ec200000)
 ParOldGen       total 68608K, used 24500K [0x00000000c0000000, 0x00000000c4300000, 0x00000000eab00000)
  object space 68608K, 35% used [0x00000000c0000000,0x00000000c17ed2a8,0x00000000c4300000)
 Metaspace       used 33223K, capacity 35259K, committed 35416K, reserved 1081344K
  class space    used 3128K, capacity 3890K, committed 3968K, reserved 1048576K
}

Deoptimization events (20 events):
Event: 8.565 Thread 0x0000023c32495000 Uncommon trap: trap_request=0xffffff4d fr.pc=0x0000023c25db311c relative=0x000000000000169c
Event: 8.565 Thread 0x0000023c32495000 Uncommon trap: reason=unstable_if action=reinterpret pc=0x0000023c25db311c method=java.nio.file.FileTreeWalker.getAttributes(Ljava/nio/file/Path;Z)Ljava/nio/file/attribute/BasicFileAttributes; @ 8 c2
Event: 8.565 Thread 0x0000023c32495000 DEOPT PACKING pc=0x0000023c25db311c sp=0x000000a96d5fd370
Event: 8.565 Thread 0x0000023c32495000 DEOPT UNPACKING pc=0x0000023c1e1da1af sp=0x000000a96d5fd300 mode 2
Event: 8.566 Thread 0x0000023c32495000 Uncommon trap: trap_request=0xffffffde fr.pc=0x0000023c25da9ca8 relative=0x0000000000001868
Event: 8.566 Thread 0x0000023c32495000 Uncommon trap: reason=class_check action=maybe_recompile pc=0x0000023c25da9ca8 method=java.nio.file.FileTreeWalker.next()Ljava/nio/file/FileTreeWalker$Event; @ 37 c2
Event: 8.566 Thread 0x0000023c32495000 DEOPT PACKING pc=0x0000023c25da9ca8 sp=0x000000a96d5fd410
Event: 8.566 Thread 0x0000023c32495000 DEOPT UNPACKING pc=0x0000023c1e1da1af sp=0x000000a96d5fd420 mode 2
Event: 8.566 Thread 0x0000023c32495000 Uncommon trap: trap_request=0xffffff4d fr.pc=0x0000023c25da1cd4 relative=0x0000000000000474
Event: 8.566 Thread 0x0000023c32495000 Uncommon trap: reason=unstable_if action=reinterpret pc=0x0000023c25da1cd4 method=java.nio.file.FileTreeWalker.getAttributes(Ljava/nio/file/Path;Z)Ljava/nio/file/attribute/BasicFileAttributes; @ 8 c2
Event: 8.566 Thread 0x0000023c32495000 DEOPT PACKING pc=0x0000023c25da1cd4 sp=0x000000a96d5fd340
Event: 8.566 Thread 0x0000023c32495000 DEOPT UNPACKING pc=0x0000023c1e1da1af sp=0x000000a96d5fd300 mode 2
Event: 8.570 Thread 0x0000023c32495000 Uncommon trap: trap_request=0xffffff4d fr.pc=0x0000023c25cb1414 relative=0x0000000000000594
Event: 8.570 Thread 0x0000023c32495000 Uncommon trap: reason=unstable_if action=reinterpret pc=0x0000023c25cb1414 method=java.lang.StringCoding.decodeUTF8([BIIZ)Ljava/lang/StringCoding$Result; @ 12 c2
Event: 8.570 Thread 0x0000023c32495000 DEOPT PACKING pc=0x0000023c25cb1414 sp=0x000000a96d5fd790
Event: 8.570 Thread 0x0000023c32495000 DEOPT UNPACKING pc=0x0000023c1e1da1af sp=0x000000a96d5fd630 mode 2
Event: 8.793 Thread 0x0000023c32495000 Uncommon trap: trap_request=0xffffff4d fr.pc=0x0000023c25d6d228 relative=0x0000000000000e28
Event: 8.793 Thread 0x0000023c32495000 Uncommon trap: reason=unstable_if action=reinterpret pc=0x0000023c25d6d228 method=java.util.Properties$LineReader.readLine()I @ 295 c2
Event: 8.793 Thread 0x0000023c32495000 DEOPT PACKING pc=0x0000023c25d6d228 sp=0x000000a96d5fcbf0
Event: 8.793 Thread 0x0000023c32495000 DEOPT UNPACKING pc=0x0000023c1e1da1af sp=0x000000a96d5fcb80 mode 2

Classes redefined (0 events):
No events

Internal exceptions (20 events):
Event: 4.153 Thread 0x0000023c325ab000 Exception <a 'java/lang/NoSuchMethodError'{0x00000000eaf3b458}: 'java.lang.Object java.lang.invoke.DelegatingMethodHandle$Holder.reinvoke_L(java.lang.Object, int, int, java.lang.Object, java.lang.Object, java.lang.Object)'> (0x00000000eaf3b458) thrown at [./src/hotspot/share/interpreter/linkResolver.cpp, line 773]
Event: 4.419 Thread 0x0000023c325ab000 Exception <a 'java/io/FileNotFoundException'{0x00000000eb995918}> (0x00000000eb995918) thrown at [./src/hotspot/share/prims/jni.cpp, line 615]
Event: 4.741 Thread 0x0000023c325ab000 Exception <a 'java/lang/NoSuchMethodError'{0x00000000eaced7b8}: 'void java.lang.invoke.DirectMethodHandle$Holder.invokeSpecial(java.lang.Object, java.lang.Object, java.lang.Object, java.lang.Object)'> (0x00000000eaced7b8) thrown at [./src/hotspot/share/interpreter/linkResolver.cpp, line 773]
Event: 4.756 Thread 0x0000023c325ab000 Exception <a 'java/io/FileNotFoundException'{0x00000000ead47530}> (0x00000000ead47530) thrown at [./src/hotspot/share/prims/jni.cpp, line 615]
Event: 5.202 Thread 0x0000023c325ab000 Exception <a 'java/lang/NoSuchMethodError'{0x00000000eae894e0}: 'int java.lang.invoke.DirectMethodHandle$Holder.invokeStaticInit(java.lang.Object, java.lang.Object, java.lang.Object)'> (0x00000000eae894e0) thrown at [./src/hotspot/share/interpreter/linkResolver.cpp, line 773]
Event: 5.216 Thread 0x0000023c325ab000 Exception <a 'java/lang/IncompatibleClassChangeError'{0x00000000eaf18e78}: Found class java.lang.Object, but interface was expected> (0x00000000eaf18e78) thrown at [./src/hotspot/share/interpreter/linkResolver.cpp, line 839]
Event: 6.064 Thread 0x0000023c325ab000 Exception <a 'java/lang/ClassNotFoundException'{0x00000000eac62f88}: com/sun/org/apache/xerces/internal/impl/msg/spi/DOMMessagesProvider> (0x00000000eac62f88) thrown at [./src/hotspot/share/classfile/systemDictionary.cpp, line 231]
Event: 6.092 Thread 0x0000023c325ab000 Implicit null exception at 0x0000023c25d34489 to 0x0000023c25d35258
Event: 6.095 Thread 0x0000023c325ab000 Exception <a 'java/lang/ClassNotFoundException'{0x00000000eac8ea20}: com/sun/org/apache/xerces/internal/impl/msg/spi/XMLSerializerMessagesProvider> (0x00000000eac8ea20) thrown at [./src/hotspot/share/classfile/systemDictionary.cpp, line 231]
Event: 6.139 Thread 0x0000023c325ab000 Exception <a 'java/lang/ClassNotFoundException'{0x00000000eac9a5d0}: com/sun/org/apache/xerces/internal/impl/msg/spi/XMLMessagesProvider> (0x00000000eac9a5d0) thrown at [./src/hotspot/share/classfile/systemDictionary.cpp, line 231]
Event: 6.449 Thread 0x0000023c325ab000 Exception <a 'java/lang/ClassNotFoundException'{0x00000000eb209ef8}: com/sun/org/apache/xml/internal/serializer/spi/XMLEntitiesProvider> (0x00000000eb209ef8) thrown at [./src/hotspot/share/classfile/systemDictionary.cpp, line 231]
Event: 6.643 Thread 0x0000023c325ab000 Exception <a 'java/io/FileNotFoundException'{0x00000000eb64df68}> (0x00000000eb64df68) thrown at [./src/hotspot/share/prims/jni.cpp, line 615]
Event: 6.714 Thread 0x0000023c325ab000 Exception <a 'java/io/FileNotFoundException'{0x00000000eb6b9110}> (0x00000000eb6b9110) thrown at [./src/hotspot/share/prims/jni.cpp, line 615]
Event: 6.726 Thread 0x0000023c325ab000 Exception <a 'java/io/FileNotFoundException'{0x00000000eb72ee40}> (0x00000000eb72ee40) thrown at [./src/hotspot/share/prims/jni.cpp, line 615]
Event: 7.302 Thread 0x0000023c32495000 Exception <a 'java/io/FileNotFoundException'{0x00000000eaf10608}> (0x00000000eaf10608) thrown at [./src/hotspot/share/prims/jni.cpp, line 615]
Event: 7.850 Thread 0x0000023c32c65800 Exception <a 'java/io/FileNotFoundException'{0x00000000eb1ad750}> (0x00000000eb1ad750) thrown at [./src/hotspot/share/prims/jni.cpp, line 615]
Event: 7.851 Thread 0x0000023c32c65800 Exception <a 'java/io/FileNotFoundException'{0x00000000eb1af328}> (0x00000000eb1af328) thrown at [./src/hotspot/share/prims/jni.cpp, line 615]
Event: 7.853 Thread 0x0000023c32c65800 Exception <a 'java/lang/NoSuchMethodError'{0x00000000eb1c31f0}: 'void java.lang.invoke.DirectMethodHandle$Holder.invokeStaticInit(java.lang.Object, java.lang.Object, java.lang.Object)'> (0x00000000eb1c31f0) thrown at [./src/hotspot/share/interpreter/linkResolver.cpp, line 773]
Event: 8.517 Thread 0x0000023c32495000 Exception <a 'java/lang/NoSuchMethodError'{0x00000000eae4d128}: 'java.lang.Object java.lang.invoke.DirectMethodHandle$Holder.invokeInterface(java.lang.Object, java.lang.Object, java.lang.Object)'> (0x00000000eae4d128) thrown at [./src/hotspot/share/interpreter/linkResolver.cpp, line 773]
Event: 8.563 Thread 0x0000023c32495000 Exception <a 'java/lang/NoSuchMethodError'{0x00000000eaf28410}: 'void java.lang.invoke.DirectMethodHandle$Holder.invokeVirtual(java.lang.Object, java.lang.Object)'> (0x00000000eaf28410) thrown at [./src/hotspot/share/interpreter/linkResolver.cpp, line 773]

Events (20 events):
Event: 8.557 loading class java/io/PrintWriter
Event: 8.558 loading class java/io/PrintWriter done
Event: 8.561 loading class java/nio/file/FileTreeIterator
Event: 8.562 loading class java/nio/file/FileTreeIterator done
Event: 8.573 Executing VM operation: RevokeBias
Event: 8.573 Executing VM operation: RevokeBias done
Event: 8.582 Executing VM operation: RevokeBias
Event: 8.582 Executing VM operation: RevokeBias done
Event: 8.791 loading class org/eclipse/jdt/internal/compiler/problem/messages
Event: 8.791 loading class org/eclipse/jdt/internal/compiler/problem/messages done
Event: 8.814 loading class org/eclipse/jdt/internal/compiler/problem/messages_en
Event: 8.814 loading class org/eclipse/jdt/internal/compiler/problem/messages_en done
Event: 8.815 loading class org/eclipse/jdt/internal/compiler/problem/messages_en_US
Event: 8.815 loading class org/eclipse/jdt/internal/compiler/problem/messages_en_US done
Event: 8.827 Executing VM operation: ParallelGCFailedAllocation
Event: 8.830 Executing VM operation: ParallelGCFailedAllocation done
Event: 8.893 Executing VM operation: Deoptimize
Event: 8.894 Executing VM operation: Deoptimize done
Event: 8.907 Executing VM operation: CollectForMetadataAllocation
Event: 9.206 Executing VM operation: CollectForMetadataAllocation done


Dynamic libraries:
0x00007ff69de10000 - 0x00007ff69de1d000 	C:\Program Files\Eclipse Foundation\jdk-11.0.12.7-hotspot\bin\java.exe
0x00007ff8800f0000 - 0x00007ff8802e5000 	C:\windows\SYSTEM32\ntdll.dll
0x00007ff86d580000 - 0x00007ff86d5f4000 	C:\windows\System32\verifier.dll
0x00007ff843a70000 - 0x00007ff843b65000 	C:\windows\SYSTEM32\PayloadRestrictions.dll
0x00007ff87de40000 - 0x00007ff87df40000 	C:\windows\System32\ucrtbase.dll
0x00007ff87d9b0000 - 0x00007ff87dc79000 	C:\windows\System32\kernelbase.dll
0x00007ff87f020000 - 0x00007ff87f0de000 	C:\windows\System32\kernel32.dll
0x00007ff87ff60000 - 0x00007ff88000c000 	C:\windows\System32\ADVAPI32.DLL
0x00007ff880010000 - 0x00007ff8800ae000 	C:\windows\System32\msvcrt.dll
0x00007ff87e760000 - 0x00007ff87e7fb000 	C:\windows\System32\sechost.dll
0x00007ff87f150000 - 0x00007ff87f27a000 	C:\windows\System32\RPCRT4.dll
0x00007ff86fd70000 - 0x00007ff86fd87000 	C:\Program Files\Eclipse Foundation\jdk-11.0.12.7-hotspot\bin\jli.dll
0x00007ff87e1b0000 - 0x00007ff87e351000 	C:\windows\System32\USER32.dll
0x00007ff87d8c0000 - 0x00007ff87d8e2000 	C:\windows\System32\win32u.dll
0x00007ff87f7e0000 - 0x00007ff87f80b000 	C:\windows\System32\GDI32.dll
0x00007ff87dd30000 - 0x00007ff87de3b000 	C:\windows\System32\gdi32full.dll
0x00007ff87e0a0000 - 0x00007ff87e13d000 	C:\windows\System32\msvcp_win.dll
0x00007ff86e260000 - 0x00007ff86e275000 	C:\Program Files\Eclipse Foundation\jdk-11.0.12.7-hotspot\bin\VCRUNTIME140.dll
0x00007ff86ba70000 - 0x00007ff86bd0a000 	C:\windows\WinSxS\amd64_microsoft.windows.common-controls_6595b64144ccf1df_6.0.19041.1110_none_60b5254171f9507e\COMCTL32.dll
0x00007ff87edb0000 - 0x00007ff87ede0000 	C:\windows\System32\IMM32.DLL
0x0000023c139f0000 - 0x0000023c13a03000 	C:\windows\System32\umppc14210.dll
0x00007ff82d9c0000 - 0x00007ff82da5b000 	C:\Program Files\Eclipse Foundation\jdk-11.0.12.7-hotspot\bin\msvcp140.dll
0x00007ff825810000 - 0x00007ff826369000 	C:\Program Files\Eclipse Foundation\jdk-11.0.12.7-hotspot\bin\server\jvm.dll
0x00007ff87f810000 - 0x00007ff87f818000 	C:\windows\System32\PSAPI.DLL
0x00007ff8618f0000 - 0x00007ff8618f9000 	C:\windows\SYSTEM32\WSOCK32.dll
0x00007ff87f0e0000 - 0x00007ff87f14b000 	C:\windows\System32\WS2_32.dll
0x00007ff873b60000 - 0x00007ff873b87000 	C:\windows\SYSTEM32\WINMM.dll
0x00007ff873b90000 - 0x00007ff873b9a000 	C:\windows\SYSTEM32\VERSION.dll
0x00007ff87bfd0000 - 0x00007ff87bfe2000 	C:\windows\SYSTEM32\kernel.appcore.dll
0x00007ff878ce0000 - 0x00007ff878cf0000 	C:\Program Files\Eclipse Foundation\jdk-11.0.12.7-hotspot\bin\verify.dll
0x00007ff87b390000 - 0x00007ff87b574000 	C:\windows\SYSTEM32\DBGHELP.DLL
0x00007ff8609e0000 - 0x00007ff860a0c000 	C:\windows\SYSTEM32\dbgcore.DLL
0x00007ff87d920000 - 0x00007ff87d9a3000 	C:\windows\System32\bcryptPrimitives.dll
0x00007ff86b780000 - 0x00007ff86b7a8000 	C:\Program Files\Eclipse Foundation\jdk-11.0.12.7-hotspot\bin\java.dll
0x00007ff878bb0000 - 0x00007ff878bba000 	C:\Program Files\Eclipse Foundation\jdk-11.0.12.7-hotspot\bin\jimage.dll
0x00007ff876420000 - 0x00007ff87642e000 	C:\Program Files\Eclipse Foundation\jdk-11.0.12.7-hotspot\bin\instrument.dll
0x00007ff86b670000 - 0x00007ff86b687000 	C:\Program Files\Eclipse Foundation\jdk-11.0.12.7-hotspot\bin\zip.dll
0x00007ff87f820000 - 0x00007ff87ff5f000 	C:\windows\System32\SHELL32.dll
0x00007ff87b5b0000 - 0x00007ff87bd40000 	C:\windows\SYSTEM32\windows.storage.dll
0x00007ff87ea50000 - 0x00007ff87eda5000 	C:\windows\System32\combase.dll
0x00007ff87d1f0000 - 0x00007ff87d21c000 	C:\windows\SYSTEM32\Wldp.dll
0x00007ff87ef70000 - 0x00007ff87f01e000 	C:\windows\System32\SHCORE.dll
0x00007ff87e800000 - 0x00007ff87e855000 	C:\windows\System32\shlwapi.dll
0x00007ff87d750000 - 0x00007ff87d76f000 	C:\windows\SYSTEM32\profapi.dll
0x00007ff86b650000 - 0x00007ff86b669000 	C:\Program Files\Eclipse Foundation\jdk-11.0.12.7-hotspot\bin\net.dll
0x00007ff87c7f0000 - 0x00007ff87c8f8000 	C:\windows\SYSTEM32\WINHTTP.dll
0x00007ff87cef0000 - 0x00007ff87cf5a000 	C:\windows\system32\mswsock.dll
0x00007ff86b000000 - 0x00007ff86b012000 	C:\Program Files\Eclipse Foundation\jdk-11.0.12.7-hotspot\bin\nio.dll
0x00007ff87d0e0000 - 0x00007ff87d0f8000 	C:\windows\SYSTEM32\CRYPTSP.dll
0x00007ff87c760000 - 0x00007ff87c794000 	C:\windows\system32\rsaenh.dll
0x00007ff87d8f0000 - 0x00007ff87d917000 	C:\windows\System32\bcrypt.dll
0x00007ff87d710000 - 0x00007ff87d73e000 	C:\windows\SYSTEM32\USERENV.dll
0x00007ff87d100000 - 0x00007ff87d10c000 	C:\windows\SYSTEM32\CRYPTBASE.dll
0x00007ff87cbe0000 - 0x00007ff87cc1b000 	C:\windows\SYSTEM32\IPHLPAPI.DLL
0x00007ff87e140000 - 0x00007ff87e148000 	C:\windows\System32\NSI.dll
0x00007ff873bc0000 - 0x00007ff873bd7000 	C:\windows\SYSTEM32\dhcpcsvc6.DLL
0x00007ff873d00000 - 0x00007ff873d1d000 	C:\windows\SYSTEM32\dhcpcsvc.DLL
0x00007ff87cc20000 - 0x00007ff87ccec000 	C:\windows\SYSTEM32\DNSAPI.dll
0x00007ff867f80000 - 0x00007ff867fbe000 	C:\Users\smunizdeoliv\AppData\Roaming\Code\User\globalStorage\redhat.java\0.82.0\config_ss_win\org.eclipse.equinox.launcher\org.eclipse.equinox.launcher.win32.win32.x86_64_1.2.300.v20210828-0802\eclipse_11506.dll
0x00007ff87e630000 - 0x00007ff87e75a000 	C:\windows\System32\ole32.dll
0x00007ff864990000 - 0x00007ff8649a1000 	C:\Users\smunizdeoliv\AppData\Roaming\Code\User\globalStorage\redhat.java\0.82.0\config_ss_win\org.eclipse.osgi\16\0\.cp\jWinHttp-1.0.0.dll

dbghelp: loaded successfully - version: 4.0.5 - missing functions: none
symbol engine: initialized successfully - sym options: 0x614 - pdb path: .;C:\Program Files\Eclipse Foundation\jdk-11.0.12.7-hotspot\bin;C:\windows\SYSTEM32;C:\windows\WinSxS\amd64_microsoft.windows.common-controls_6595b64144ccf1df_6.0.19041.1110_none_60b5254171f9507e;C:\Program Files\Eclipse Foundation\jdk-11.0.12.7-hotspot\bin\server;C:\Users\smunizdeoliv\AppData\Roaming\Code\User\globalStorage\redhat.java\0.82.0\config_ss_win\org.eclipse.equinox.launcher\org.eclipse.equinox.launcher.win32.win32.x86_64_1.2.300.v20210828-0802;C:\Users\smunizdeoliv\AppData\Roaming\Code\User\globalStorage\redhat.java\0.82.0\config_ss_win\org.eclipse.osgi\16\0\.cp

VM Arguments:
jvm_args: --add-modules=ALL-SYSTEM --add-opens=java.base/java.util=ALL-UNNAMED --add-opens=java.base/java.lang=ALL-UNNAMED -Declipse.application=org.eclipse.jdt.ls.core.id1 -Dosgi.bundles.defaultStartLevel=4 -Declipse.product=org.eclipse.jdt.ls.core.product -Dfile.encoding=utf8 -DwatchParentProcess=false -XX:+UseParallelGC -XX:GCTimeRatio=4 -XX:AdaptiveSizePolicyWeight=90 -Dsun.zip.disableMemoryMapping=true -Xmx1G -Xms100m -javaagent:c:\Users\smunizdeoliv\.vscode\extensions\gabrielbb.vscode-lombok-1.0.1\server\lombok.jar -Xverify:none 
java_command: c:\Users\smunizdeoliv\.vscode\extensions\redhat.java-0.82.0\server\plugins\org.eclipse.equinox.launcher_1.6.300.v20210813-1054.jar -configuration c:\Users\smunizdeoliv\AppData\Roaming\Code\User\globalStorage\redhat.java\0.82.0\config_ss_win -data c:\Users\smunizdeoliv\AppData\Roaming\Code\User\workspaceStorage\55e6e69b626b6ec10a30d3b5ce62d080\redhat.java\ss_ws
java_class_path (initial): c:\Users\smunizdeoliv\.vscode\extensions\redhat.java-0.82.0\server\plugins\org.eclipse.equinox.launcher_1.6.300.v20210813-1054.jar
Launcher Type: SUN_STANDARD

[Global flags]
    uintx AdaptiveSizePolicyWeight                 = 90                                        {product} {command line}
     bool BytecodeVerificationLocal                = false                                     {product} {command line}
     bool BytecodeVerificationRemote               = false                                     {product} {command line}
     intx CICompilerCount                          = 4                                         {product} {ergonomic}
    uintx GCTimeRatio                              = 4                                         {product} {command line}
   size_t InitialHeapSize                          = 104857600                                 {product} {command line}
   size_t MaxHeapSize                              = 1073741824                                {product} {command line}
   size_t MaxNewSize                               = 357564416                                 {product} {ergonomic}
   size_t MinHeapDeltaBytes                        = 524288                                    {product} {ergonomic}
   size_t NewSize                                  = 34603008                                  {product} {ergonomic}
    uintx NonNMethodCodeHeapSize                   = 5836300                                {pd product} {ergonomic}
    uintx NonProfiledCodeHeapSize                  = 122910970                              {pd product} {ergonomic}
   size_t OldSize                                  = 70254592                                  {product} {ergonomic}
    uintx ProfiledCodeHeapSize                     = 122910970                              {pd product} {ergonomic}
    uintx ReservedCodeCacheSize                    = 251658240                              {pd product} {ergonomic}
     bool SegmentedCodeCache                       = true                                      {product} {ergonomic}
     bool UseCompressedClassPointers               = true                                 {lp64_product} {ergonomic}
     bool UseCompressedOops                        = true                                 {lp64_product} {ergonomic}
     bool UseLargePagesIndividualAllocation        = false                                  {pd product} {ergonomic}
     bool UseParallelGC                            = true                                      {product} {command line}

Logging:
Log output configuration:
 #0: stdout all=warning uptime,level,tags
 #1: stderr all=off uptime,level,tags

Environment Variables:
PATH=C:\Program Files\Eclipse Foundation\jdk-11.0.12.7-hotspot\bin;C:\windows\system32;C:\windows;C:\windows\System32\Wbem;C:\windows\System32\WindowsPowerShell\v1.0\;C:\windows\System32\OpenSSH\;C:\Program Files (x86)\Symantec\VIP Access Client\;C:\Program Files (x86)\Pulse Secure\VC142.CRT\X64\;C:\Program Files (x86)\Pulse Secure\VC142.CRT\X86\;C:\Program Files\Microsoft VS Code\bin;C:\Program Files\Git\cmd;C:\Program Files\nodejs\;C:\Users\smunizdeoliv\AppData\Local\Microsoft\WindowsApps;;C:\Program Files\JetBrains\IntelliJ IDEA 2020.3.2\bin;;C:\Users\smunizdeoliv\AppData\Roaming\npm
USERNAME=smunizdeoliv
OS=Windows_NT
PROCESSOR_IDENTIFIER=AMD64 Family 23 Model 24 Stepping 1, AuthenticAMD



---------------  S Y S T E M  ---------------

OS: Windows 10 , 64 bit Build 19041 (10.0.19041.1202)
OS uptime: 1 days 0:49 hours

CPU:total 8 (initial active 8) (8 cores per cpu, 2 threads per core) family 23 model 24 stepping 1 microcode 0x0, cmov, cx8, fxsr, mmx, sse, sse2, sse3, ssse3, sse4.1, sse4.2, popcnt, avx, avx2, aes, clmul, mmxext, 3dnowpref, lzcnt, sse4a, ht, tsc, tscinvbit, tscinv, bmi1, bmi2, adx, sha, fma

Memory: 4k page, system-wide physical 14222M (8959M free)
TotalPageFile size 16398M (AvailPageFile size 9678M)
current process WorkingSet (physical memory assigned to process): 159M, peak: 159M
current process commit charge ("private bytes"): 252M, peak: 254M

vm_info: OpenJDK 64-Bit Server VM (11.0.12+7) for windows-amd64 JRE (11.0.12+7), built on Jul 21 2021 16:23:49 by "" with unknown MS VC++:1916

END.
